<?xml version="1.0" encoding="UTF-8"?>
<!-- Generated by org.testng.reporters.JUnitReportReporter -->
<testsuite skipped="0" hostname="MDs-MacBook-Air.fios-router.home" name="Tests.YahooHomepageTest" tests="2" failures="0" timestamp="2019-10-28T19:54:54 EDT" time="16.619" errors="0">
  <testcase name="yahootittleTest" time="8.648" classname="Tests.YahooHomepageTest"/>
  <testcase name="YahooURLTest" time="7.971" classname="Tests.YahooHomepageTest"/>
</testsuite> <!-- Tests.YahooHomepageTest -->
