<?xml version="1.0" encoding="UTF-8"?>
<!-- Generated by org.testng.reporters.JUnitReportReporter -->
<testsuite skipped="0" hostname="MDs-MacBook-Air.fios-router.home" name="Base.Config" tests="1" failures="0" timestamp="2019-10-28T18:49:30 EDT" time="7.938" errors="0">
  <testcase name="url" time="7.938" classname="Base.Config"/>
</testsuite> <!-- Base.Config -->
